<?xml version="1.0" encoding="utf-8"?><testsuites name="pytest tests"><testsuite name="pytest" errors="0" failures="0" skipped="0" tests="9" time="2.783" timestamp="2026-03-18T07:40:42.944861+00:00" hostname="agent-env-658946f2-9e95-468e-90a1-3590ede0dab6"><testcase classname="test_api_connectivity.TestHealthCheck" name="test_health_endpoint" time="0.200" /><testcase classname="test_api_connectivity.TestAuthFlow" name="test_register_request_otp" time="0.979" /><testcase classname="test_api_connectivity.TestAuthFlow" name="test_login_without_registration" time="0.160" /><testcase classname="test_api_connectivity.TestAuthFlow" name="test_auth_me_without_token" time="0.098" /><testcase classname="test_api_connectivity.TestPlantsEndpoints" name="test_plants_endpoint_requires_auth" time="0.112" /><testcase classname="test_api_connectivity.TestRoomsEndpoint" name="test_rooms_endpoint_requires_auth" time="0.110" /><testcase classname="test_api_connectivity.TestWateringLogs" name="test_watering_logs_requires_auth" time="0.101" /><testcase classname="test_api_connectivity.TestAPIConnectivity" name="test_api_base_url_reachable" time="0.105" /><testcase classname="test_api_connectivity.TestAPIConnectivity" name="test_api_returns_json" time="0.859" /></testsuite></testsuites>