<?xml version="1.0" encoding="utf-8"?><testsuites name="pytest tests"><testsuite name="pytest" errors="0" failures="0" skipped="1" tests="42" time="15.162" timestamp="2026-03-18T08:01:50.049929+00:00" hostname="agent-env-658946f2-9e95-468e-90a1-3590ede0dab6"><testcase classname="tests.test_api_connectivity.TestHealthCheck" name="test_health_endpoint" time="0.156"><skipped type="pytest.skip" message="Health endpoint not available: assert 404 == 200&#10; +  where 404 = &lt;Response [404]&gt;.status_code">/app/backend/tests/test_api_connectivity.py:63: Health endpoint not available: assert 404 == 200
 +  where 404 = &lt;Response [404]&gt;.status_code</skipped></testcase><testcase classname="tests.test_api_connectivity.TestAuthFlow" name="test_register_request_otp" time="0.955" /><testcase classname="tests.test_api_connectivity.TestAuthFlow" name="test_login_without_registration" time="0.115" /><testcase classname="tests.test_api_connectivity.TestAuthFlow" name="test_auth_me_without_token" time="0.105" /><testcase classname="tests.test_api_connectivity.TestPlantsEndpoints" name="test_plants_endpoint_requires_auth" time="0.119" /><testcase classname="tests.test_api_connectivity.TestRoomsEndpoint" name="test_rooms_endpoint_requires_auth" time="0.109" /><testcase classname="tests.test_api_connectivity.TestWateringLogs" name="test_watering_logs_requires_auth" time="0.104" /><testcase classname="tests.test_api_connectivity.TestAPIConnectivity" name="test_api_base_url_reachable" time="0.096" /><testcase classname="tests.test_api_connectivity.TestAPIConnectivity" name="test_api_returns_json" time="0.850" /><testcase classname="tests.test_auth_endpoints.TestAuthLogin" name="test_login_success_with_existing_user" time="0.331" /><testcase classname="tests.test_auth_endpoints.TestAuthLogin" name="test_login_invalid_password" time="0.337" /><testcase classname="tests.test_auth_endpoints.TestAuthLogin" name="test_login_nonexistent_user" time="0.106" /><testcase classname="tests.test_auth_endpoints.TestAuthMe" name="test_auth_me_with_valid_token" time="0.414" /><testcase classname="tests.test_auth_endpoints.TestAuthMe" name="test_auth_me_without_token" time="0.117" /><testcase classname="tests.test_auth_endpoints.TestAuthMe" name="test_auth_me_invalid_token" time="0.100" /><testcase classname="tests.test_auth_endpoints.TestAuthRegistration" name="test_request_otp_new_user" time="0.861" /><testcase classname="tests.test_auth_endpoints.TestAuthRegistration" name="test_request_otp_existing_user" time="0.107" /><testcase classname="tests.test_auth_endpoints.TestAuthRegistration" name="test_request_otp_weak_password" time="0.152" /><testcase classname="tests.test_auth_endpoints.TestForgotPassword" name="test_forgot_password_existing_user" time="0.638" /><testcase classname="tests.test_auth_endpoints.TestForgotPassword" name="test_forgot_password_nonexistent_user" time="0.101" /><testcase classname="tests.test_plants_endpoints.TestPlantsGet" name="test_get_plants_authenticated" time="0.385" /><testcase classname="tests.test_plants_endpoints.TestPlantsGet" name="test_get_plants_unauthenticated" time="0.102" /><testcase classname="tests.test_plants_endpoints.TestPlantsCreate" name="test_create_plant_minimal" time="0.481" /><testcase classname="tests.test_plants_endpoints.TestPlantsCreate" name="test_create_plant_full_data" time="0.428" /><testcase classname="tests.test_plants_endpoints.TestPlantsUpdate" name="test_update_plant_nickname" time="0.487" /><testcase classname="tests.test_plants_endpoints.TestPlantsUpdate" name="test_update_nonexistent_plant" time="0.396" /><testcase classname="tests.test_plants_endpoints.TestPlantsDelete" name="test_delete_plant" time="0.484" /><testcase classname="tests.test_plants_endpoints.TestPlantsDelete" name="test_delete_nonexistent_plant" time="0.386" /><testcase classname="tests.test_plants_endpoints.TestWaterPlant" name="test_water_plant" time="0.600" /><testcase classname="tests.test_plants_endpoints.TestWaterPlant" name="test_water_nonexistent_plant" time="0.376" /><testcase classname="tests.test_rooms_watering.TestRoomsEndpoints" name="test_get_rooms" time="0.432" /><testcase classname="tests.test_rooms_watering.TestRoomsEndpoints" name="test_create_room" time="0.502" /><testcase classname="tests.test_rooms_watering.TestRoomsEndpoints" name="test_create_duplicate_room" time="0.482" /><testcase classname="tests.test_rooms_watering.TestRoomsEndpoints" name="test_rename_room" time="0.560" /><testcase classname="tests.test_rooms_watering.TestRoomsEndpoints" name="test_delete_room" time="0.493" /><testcase classname="tests.test_rooms_watering.TestRoomsEndpoints" name="test_delete_nonexistent_room" time="0.390" /><testcase classname="tests.test_rooms_watering.TestWateringLogs" name="test_get_watering_logs" time="0.389" /><testcase classname="tests.test_rooms_watering.TestWateringLogs" name="test_watering_log_created_on_water" time="0.616" /><testcase classname="tests.test_rooms_watering.TestWateringLogs" name="test_delete_watering_log" time="0.596" /><testcase classname="tests.test_rooms_watering.TestWateringLogs" name="test_delete_nonexistent_log" time="0.387" /><testcase classname="tests.test_rooms_watering.TestUnauthenticatedAccess" name="test_rooms_requires_auth" time="0.111" /><testcase classname="tests.test_rooms_watering.TestUnauthenticatedAccess" name="test_watering_logs_requires_auth" time="0.102" /></testsuite></testsuites>